2024/10/07 15:45:03 main.go:40: Server is starting...
2024/10/07 17:59:11 main.go:40: Server is starting...
2024/10/07 17:59:11 db.go:38: Error connecting to database: Error 1049 (42000): Unknown database 'burmaguru'
2024/10/07 18:02:44 main.go:40: Server is starting...
2024/10/07 18:05:43 main.go:40: Server is starting...
2024/10/07 18:08:29 db.go:35: Fatal Error: open path/to/your/sql/file.sql: no such file or directory
2024/10/07 18:08:29 main.go:39: Server is starting...
2024/10/07 18:11:49 main.go:40: Server is starting...
2024/10/07 18:12:56 main.go:40: Server is starting...
2024/10/07 18:16:05 main.go:35: Server is starting...
2024/10/07 18:16:13 user_services.go:19: Error querying users: Error 1054 (42S22): Unknown column 'profile_picture' in 'field list'
2024/10/07 18:33:25 main.go:32: Server is starting...
2024/10/07 18:33:25 main.go:35: Failed to start server: failed to listen: listen tcp4 :8080: bind: address already in use
2024/10/07 18:33:28 main.go:32: Server is starting...
2024/10/07 18:33:28 main.go:35: Failed to start server: failed to listen: listen tcp4 :8080: bind: address already in use
2024/10/07 18:33:32 main.go:32: Server is starting...
2024/10/07 18:33:32 main.go:35: Failed to start server: failed to listen: listen tcp4 :8080: bind: address already in use
2024/10/07 18:33:39 user_services.go:19: Error querying users: Error 1054 (42S22): Unknown column 'profile_picture' in 'field list'
2024/10/07 18:35:28 user_services.go:19: Error querying users: Error 1054 (42S22): Unknown column 'profile_picture' in 'field list'
2024/10/07 18:36:39 user_services.go:19: Error querying users: Error 1054 (42S22): Unknown column 'profile_picture' in 'field list'
2024/10/07 18:36:44 main.go:32: Server is starting...
2024/10/07 18:36:45 user_services.go:19: Error querying users: Error 1054 (42S22): Unknown column 'profile_picture' in 'field list'
2024/10/07 18:37:53 main.go:32: Server is starting...
2024/10/07 18:37:55 user_services.go:19: Error querying users: Error 1054 (42S22): Unknown column 'interest' in 'field list'
2024/10/07 18:37:57 user_services.go:19: Error querying users: Error 1054 (42S22): Unknown column 'interest' in 'field list'
2024/10/07 18:38:21 main.go:32: Server is starting...
2024/10/07 18:38:22 user_services.go:19: Error querying users: Error 1054 (42S22): Unknown column 'email_verification_token' in 'field list'
2024/10/07 18:38:45 main.go:32: Server is starting...
2024/10/07 18:38:47 user_services.go:28: Error scanning user: sql: expected 6 destination arguments in Scan, not 8
2024/10/07 18:39:11 main.go:32: Server is starting...
2024/10/07 18:39:15 user_services.go:28: Error scanning user: sql: expected 6 destination arguments in Scan, not 5
2024/10/07 18:40:28 main.go:32: Server is starting...
2024/10/07 18:40:30 user_services.go:28: Error scanning user: sql: Scan error on column index 4, name "interests": sql/driver: couldn't convert "Music, Sports" into type bool
2024/10/07 18:42:34 main.go:32: Server is starting...
2024/10/07 18:42:35 user_services.go:28: Error scanning user: sql: expected 6 destination arguments in Scan, not 7
2024/10/07 18:43:36 main.go:32: Server is starting...
2024/10/08 17:13:11 main.go:32: Server is starting...
2024/10/08 17:19:05 user_services.go:110: User with ID 1 successfully deleted
2024/10/08 17:27:08 main.go:32: Server is starting...
2024/10/08 17:27:08 main.go:35: Failed to start server: failed to listen: listen tcp4 :8080: bind: address already in use
2024/10/08 17:27:39 main.go:32: Server is starting...
2024/10/08 17:27:39 main.go:35: Failed to start server: failed to listen: listen tcp4 :8080: bind: address already in use
2024/10/08 17:28:16 main.go:32: Server is starting...
2024/10/08 17:28:27 articlesServices.go:27: Error inserting article: Error 1146 (42S02): Table 'burmaguru.articles' doesn't exist
2024/10/08 17:29:45 articlesServices.go:106: Error querying articles: Error 1146 (42S02): Table 'burmaguru.articles' doesn't exist
2024/10/08 17:30:18 articlesServices.go:27: Error inserting article: Error 1146 (42S02): Table 'burmaguru.articles' doesn't exist
2024/10/08 17:37:39 main.go:30: Server is starting...
2024/10/08 17:37:39 main.go:33: Failed to start server: failed to listen: listen tcp4 :8080: bind: address already in use
2024/10/08 17:37:47 main.go:30: Server is starting...
2024/10/08 17:37:56 articlesServices.go:114: Error scanning article: sql: Scan error on column index 6, name "created_at": unsupported Scan, storing driver.Value type []uint8 into type *time.Time
2024/10/08 17:38:03 articlesServices.go:114: Error scanning article: sql: Scan error on column index 6, name "created_at": unsupported Scan, storing driver.Value type []uint8 into type *time.Time
2024/10/08 17:38:46 articlesServices.go:52: Error retrieving article: sql: Scan error on column index 6, name "created_at": unsupported Scan, storing driver.Value type []uint8 into type *time.Time
2024/10/08 17:43:23 main.go:30: Server is starting...
2024/10/08 17:43:29 articlesServices.go:114: Error scanning article: sql: Scan error on column index 6, name "created_at": unsupported Scan, storing driver.Value type []uint8 into type *time.Time
2024/10/08 17:48:42 articlesServices.go:114: Error scanning article: sql: Scan error on column index 6, name "created_at": unsupported Scan, storing driver.Value type []uint8 into type *time.Time
2024/10/08 17:54:12 main.go:30: Server is starting...
2024/10/08 17:54:18 articlesServices.go:116: Error scanning article: sql: Scan error on column index 6, name "created_at": unsupported Scan, storing driver.Value type []uint8 into type *time.Time
2024/10/08 18:14:50 main.go:30: Server is starting...
2024/10/08 18:15:00 category_service.go:79: Error deleting category: Error 1451 (23000): Cannot delete or update a parent row: a foreign key constraint fails (`burmaguru`.`articles`, CONSTRAINT `articles_ibfk_1` FOREIGN KEY (`category_id`) REFERENCES `categories` (`id`))
2024/10/08 18:15:21 category_service.go:79: Error deleting category: Error 1451 (23000): Cannot delete or update a parent row: a foreign key constraint fails (`burmaguru`.`articles`, CONSTRAINT `articles_ibfk_1` FOREIGN KEY (`category_id`) REFERENCES `categories` (`id`))
2024/10/08 21:16:49 main.go:30: Server is starting...
2024/10/08 21:17:07 category_service.go:20: Error inserting category: Error 1062 (23000): Duplicate entry 'Test Category' for key 'categories.name'
2024/10/08 21:20:18 main.go:30: Server is starting...
2024/10/08 21:45:55 main.go:47: Server is starting...
2024/10/08 21:52:57 main.go:47: Server is starting...
2024/10/09 01:23:07 main.go:47: Server is starting...
2024/10/09 01:27:26 main.go:50: Server is starting...
2024/10/09 01:28:42 main.go:51: Server is starting...
2024/10/09 01:37:12 main.go:51: Server is starting...
2024/10/09 01:43:46 main.go:50: Server is starting...
2024/10/09 01:51:47 main.go:50: Server is starting...
2024/10/09 02:06:42 main.go:50: Server is starting...
2024/10/09 02:07:42 main.go:50: Server is starting...
2024/10/09 02:08:10 main.go:50: Server is starting...
2024/10/09 02:12:45 main.go:50: Server is starting...
2024/10/09 02:18:37 main.go:50: Server is starting...
2024/10/09 02:20:25 main.go:50: Server is starting...
2024/10/09 02:25:27 main.go:50: Server is starting...
2024/10/09 02:33:54 main.go:50: Server is starting...
2024/10/09 02:36:24 main.go:50: Server is starting...
2024/10/09 02:36:48 main.go:50: Server is starting...
2024/10/09 02:38:23 main.go:50: Server is starting...
